[0.016s] Invoking command in '/home/esus_is_ord/cdpr_ros2_ws/build/cdpr_control': CMAKE_PREFIX_PATH=${CMAKE_PREFIX_PATH}:/opt/ros/jazzy /usr/bin/cmake /home/esus_is_ord/cdpr_ros2_ws/src/cdpr_control -DCMAKE_INSTALL_PREFIX=/home/esus_is_ord/cdpr_ros2_ws/install/cdpr_control
[0.263s] -- The C compiler identification is GNU 13.3.0
[0.519s] -- The CXX compiler identification is GNU 13.3.0
[0.677s] -- Detecting C compiler ABI info
[0.822s] -- Detecting C compiler ABI info - done
[0.831s] -- Check for working C compiler: /usr/bin/cc - skipped
[0.831s] -- Detecting C compile features
[0.832s] -- Detecting C compile features - done
[0.864s] -- Detecting CXX compiler ABI info
[1.000s] -- Detecting CXX compiler ABI info - done
[1.010s] -- Check for working CXX compiler: /usr/bin/c++ - skipped
[1.010s] -- Detecting CXX compile features
[1.010s] -- Detecting CXX compile features - done
[1.053s] -- Found ament_cmake: 2.5.5 (/opt/ros/jazzy/share/ament_cmake/cmake)
[1.206s] -- Found Python3: /usr/bin/python3 (found version "3.12.3") found components: Interpreter 
[1.357s] -- Found rclcpp: 28.1.16 (/opt/ros/jazzy/share/rclcpp/cmake)
[1.479s] -- Found rosidl_generator_c: 4.6.7 (/opt/ros/jazzy/share/rosidl_generator_c/cmake)
[1.501s] -- Found rosidl_generator_cpp: 4.6.7 (/opt/ros/jazzy/share/rosidl_generator_cpp/cmake)
[1.534s] -- Using all available rosidl_typesupport_c: rosidl_typesupport_fastrtps_c;rosidl_typesupport_introspection_c
[1.565s] -- Using all available rosidl_typesupport_cpp: rosidl_typesupport_fastrtps_cpp;rosidl_typesupport_introspection_cpp
[1.695s] -- Found rmw_implementation_cmake: 7.3.3 (/opt/ros/jazzy/share/rmw_implementation_cmake/cmake)
[1.700s] -- Found rmw_fastrtps_cpp: 8.4.3 (/opt/ros/jazzy/share/rmw_fastrtps_cpp/cmake)
[1.827s] -- Found OpenSSL: /usr/lib/x86_64-linux-gnu/libcrypto.so (found version "3.0.13")  
[1.894s] -- Found FastRTPS: /opt/ros/jazzy/include (Required is at least version "2.13") 
[1.937s] -- Using RMW implementation 'rmw_fastrtps_cpp' as default
[2.084s] -- Found geometry_msgs: 5.3.6 (/opt/ros/jazzy/share/geometry_msgs/cmake)
[2.136s] -- Found sensor_msgs: 5.3.6 (/opt/ros/jazzy/share/sensor_msgs/cmake)
[2.174s] -- Found visualization_msgs: 5.3.6 (/opt/ros/jazzy/share/visualization_msgs/cmake)
[2.219s] -- Found tf2: 0.36.19 (/opt/ros/jazzy/share/tf2/cmake)
[2.229s] -- Found tf2_ros: 0.36.19 (/opt/ros/jazzy/share/tf2_ros/cmake)
[2.521s] -- Configuring done (2.4s)
[2.537s] -- Generating done (0.0s)
[2.542s] -- Build files have been written to: /home/esus_is_ord/cdpr_ros2_ws/build/cdpr_control
[2.554s] Invoked command in '/home/esus_is_ord/cdpr_ros2_ws/build/cdpr_control' returned '0': CMAKE_PREFIX_PATH=${CMAKE_PREFIX_PATH}:/opt/ros/jazzy /usr/bin/cmake /home/esus_is_ord/cdpr_ros2_ws/src/cdpr_control -DCMAKE_INSTALL_PREFIX=/home/esus_is_ord/cdpr_ros2_ws/install/cdpr_control
[2.555s] Invoking command in '/home/esus_is_ord/cdpr_ros2_ws/build/cdpr_control': CMAKE_PREFIX_PATH=${CMAKE_PREFIX_PATH}:/opt/ros/jazzy /usr/bin/cmake --build /home/esus_is_ord/cdpr_ros2_ws/build/cdpr_control -- -j12 -l12
[2.612s] [ 50%] [32mBuilding CXX object CMakeFiles/cdpr_controller.dir/src/cdpr_controller.cpp.o[0m
[3.108s] [01m[K/home/esus_is_ord/cdpr_ros2_ws/src/cdpr_control/src/cdpr_controller.cpp:6:10:[m[K [01;31m[Kfatal error: [m[KEigen/Dense: No such file or directory
[3.108s]     6 | #include [01;31m[K<Eigen/Dense>[m[K
[3.108s]       |          [01;31m[K^~~~~~~~~~~~~[m[K
[3.109s] compilation terminated.
[3.112s] gmake[2]: *** [CMakeFiles/cdpr_controller.dir/build.make:76: CMakeFiles/cdpr_controller.dir/src/cdpr_controller.cpp.o] Error 1
[3.112s] gmake[1]: *** [CMakeFiles/Makefile2:137: CMakeFiles/cdpr_controller.dir/all] Error 2
[3.112s] gmake: *** [Makefile:146: all] Error 2
[3.114s] Invoked command in '/home/esus_is_ord/cdpr_ros2_ws/build/cdpr_control' returned '2': CMAKE_PREFIX_PATH=${CMAKE_PREFIX_PATH}:/opt/ros/jazzy /usr/bin/cmake --build /home/esus_is_ord/cdpr_ros2_ws/build/cdpr_control -- -j12 -l12
